<?xml version="1.0" encoding="UTF-8"?>
<testsuite name="eu.pm.tools.log4j.Log4jUtilityControllerTest" time="0.212" tests="3" errors="0" skipped="0" failures="0">
  <properties>
    <property name="java.runtime.name" value="Java(TM) SE Runtime Environment"/>
    <property name="sun.boot.library.path" value="/Library/Java/JavaVirtualMachines/jdk1.7.0_67.jdk/Contents/Home/jre/lib"/>
    <property name="java.vm.version" value="24.65-b04"/>
    <property name="user.country.format" value="RO"/>
    <property name="gopherProxySet" value="false"/>
    <property name="java.vm.vendor" value="Oracle Corporation"/>
    <property name="java.vendor.url" value="http://java.oracle.com/"/>
    <property name="path.separator" value=":"/>
    <property name="guice.disable.misplaced.annotation.check" value="true"/>
    <property name="java.vm.name" value="Java HotSpot(TM) 64-Bit Server VM"/>
    <property name="file.encoding.pkg" value="sun.io"/>
    <property name="user.country" value="US"/>
    <property name="sun.java.launcher" value="SUN_STANDARD"/>
    <property name="sun.os.patch.level" value="unknown"/>
    <property name="java.vm.specification.name" value="Java Virtual Machine Specification"/>
    <property name="user.dir" value="/Users/silviu/Projects/java/log4j-reloader/log4j-level-reloader"/>
    <property name="java.runtime.version" value="1.7.0_67-b01"/>
    <property name="java.awt.graphicsenv" value="sun.awt.CGraphicsEnvironment"/>
    <property name="basedir" value="/Users/silviu/Projects/java/log4j-reloader/log4j-level-reloader"/>
    <property name="java.endorsed.dirs" value="/Library/Java/JavaVirtualMachines/jdk1.7.0_67.jdk/Contents/Home/jre/lib/endorsed"/>
    <property name="os.arch" value="x86_64"/>
    <property name="java.io.tmpdir" value="/var/folders/kf/jtvvth2x3r99xdm67nc1zxcw0000gn/T/"/>
    <property name="line.separator" value="&#10;"/>
    <property name="java.vm.specification.vendor" value="Oracle Corporation"/>
    <property name="os.name" value="Mac OS X"/>
    <property name="classworlds.conf" value="/Users/silviu/Projects/java-tools/apache-maven-3.1.1/bin/m2.conf"/>
    <property name="sun.jnu.encoding" value="UTF-8"/>
    <property name="java.library.path" value="/Users/silviu/Library/Java/Extensions:/Library/Java/Extensions:/Network/Library/Java/Extensions:/System/Library/Java/Extensions:/usr/lib/java:."/>
    <property name="surefire.test.class.path" value="/Users/silviu/Projects/java/log4j-reloader/log4j-level-reloader/target/test-classes:/Users/silviu/Projects/java/log4j-reloader/log4j-level-reloader/target/classes:/Users/silviu/.m2/repository/org/reflections/reflections/0.9.9-RC1/reflections-0.9.9-RC1.jar:/Users/silviu/.m2/repository/com/google/guava/guava/11.0.2/guava-11.0.2.jar:/Users/silviu/.m2/repository/com/google/code/findbugs/jsr305/1.3.9/jsr305-1.3.9.jar:/Users/silviu/.m2/repository/org/javassist/javassist/3.16.1-GA/javassist-3.16.1-GA.jar:/Users/silviu/.m2/repository/dom4j/dom4j/1.6.1/dom4j-1.6.1.jar:/Users/silviu/.m2/repository/xml-apis/xml-apis/1.0.b2/xml-apis-1.0.b2.jar:/Users/silviu/.m2/repository/org/springframework/spring-core/3.2.2.RELEASE/spring-core-3.2.2.RELEASE.jar:/Users/silviu/.m2/repository/commons-logging/commons-logging/1.1.1/commons-logging-1.1.1.jar:/Users/silviu/.m2/repository/org/springframework/spring-context-support/3.2.2.RELEASE/spring-context-support-3.2.2.RELEASE.jar:/Users/silviu/.m2/repository/org/springframework/spring-beans/3.2.2.RELEASE/spring-beans-3.2.2.RELEASE.jar:/Users/silviu/.m2/repository/org/springframework/spring-context/3.2.2.RELEASE/spring-context-3.2.2.RELEASE.jar:/Users/silviu/.m2/repository/org/springframework/spring-expression/3.2.2.RELEASE/spring-expression-3.2.2.RELEASE.jar:/Users/silviu/.m2/repository/org/springframework/spring-web/3.2.2.RELEASE/spring-web-3.2.2.RELEASE.jar:/Users/silviu/.m2/repository/aopalliance/aopalliance/1.0/aopalliance-1.0.jar:/Users/silviu/.m2/repository/org/springframework/spring-aop/3.2.2.RELEASE/spring-aop-3.2.2.RELEASE.jar:/Users/silviu/.m2/repository/commons-lang/commons-lang/2.4/commons-lang-2.4.jar:/Users/silviu/.m2/repository/junit/junit/4.11/junit-4.11.jar:/Users/silviu/.m2/repository/org/hamcrest/hamcrest-core/1.3/hamcrest-core-1.3.jar:/Users/silviu/.m2/repository/org/mockito/mockito-core/1.9.5/mockito-core-1.9.5.jar:/Users/silviu/.m2/repository/org/objenesis/objenesis/1.0/objenesis-1.0.jar:/Users/silviu/.m2/repository/javax/servlet/servlet-api/3.0-alpha-1/servlet-api-3.0-alpha-1.jar:/Users/silviu/.m2/repository/log4j/log4j/1.2.16/log4j-1.2.16.jar:/Users/silviu/.m2/repository/org/codehaus/jackson/jackson-mapper-asl/1.9.2/jackson-mapper-asl-1.9.2.jar:/Users/silviu/.m2/repository/org/codehaus/jackson/jackson-core-asl/1.9.2/jackson-core-asl-1.9.2.jar:"/>
    <property name="java.specification.name" value="Java Platform API Specification"/>
    <property name="java.class.version" value="51.0"/>
    <property name="sun.management.compiler" value="HotSpot 64-Bit Tiered Compilers"/>
    <property name="os.version" value="10.9.4"/>
    <property name="http.nonProxyHosts" value="local|*.local|169.254/16|*.169.254/16"/>
    <property name="user.home" value="/Users/silviu"/>
    <property name="user.timezone" value="Europe/Brussels"/>
    <property name="java.awt.printerjob" value="sun.lwawt.macosx.CPrinterJob"/>
    <property name="java.specification.version" value="1.7"/>
    <property name="file.encoding" value="UTF-8"/>
    <property name="user.name" value="silviu"/>
    <property name="java.class.path" value="/Users/silviu/Projects/java-tools/apache-maven-3.1.1/boot/plexus-classworlds-2.5.1.jar"/>
    <property name="org.slf4j.simpleLogger.defaultLogLevel" value="info"/>
    <property name="java.vm.specification.version" value="1.7"/>
    <property name="sun.arch.data.model" value="64"/>
    <property name="java.home" value="/Library/Java/JavaVirtualMachines/jdk1.7.0_67.jdk/Contents/Home/jre"/>
    <property name="sun.java.command" value="org.codehaus.plexus.classworlds.launcher.Launcher clean package install"/>
    <property name="java.specification.vendor" value="Oracle Corporation"/>
    <property name="user.language" value="en"/>
    <property name="awt.toolkit" value="sun.lwawt.macosx.LWCToolkit"/>
    <property name="java.vm.info" value="mixed mode"/>
    <property name="java.version" value="1.7.0_67"/>
    <property name="java.ext.dirs" value="/Users/silviu/Library/Java/Extensions:/Library/Java/JavaVirtualMachines/jdk1.7.0_67.jdk/Contents/Home/jre/lib/ext:/Library/Java/Extensions:/Network/Library/Java/Extensions:/System/Library/Java/Extensions:/usr/lib/java"/>
    <property name="sun.boot.class.path" value="/Library/Java/JavaVirtualMachines/jdk1.7.0_67.jdk/Contents/Home/jre/lib/resources.jar:/Library/Java/JavaVirtualMachines/jdk1.7.0_67.jdk/Contents/Home/jre/lib/rt.jar:/Library/Java/JavaVirtualMachines/jdk1.7.0_67.jdk/Contents/Home/jre/lib/sunrsasign.jar:/Library/Java/JavaVirtualMachines/jdk1.7.0_67.jdk/Contents/Home/jre/lib/jsse.jar:/Library/Java/JavaVirtualMachines/jdk1.7.0_67.jdk/Contents/Home/jre/lib/jce.jar:/Library/Java/JavaVirtualMachines/jdk1.7.0_67.jdk/Contents/Home/jre/lib/charsets.jar:/Library/Java/JavaVirtualMachines/jdk1.7.0_67.jdk/Contents/Home/jre/lib/jfr.jar:/Library/Java/JavaVirtualMachines/jdk1.7.0_67.jdk/Contents/Home/jre/classes"/>
    <property name="java.vendor" value="Oracle Corporation"/>
    <property name="maven.home" value="/Users/silviu/Projects/java-tools/apache-maven-3.1.1"/>
    <property name="localRepository" value="/Users/silviu/.m2/repository"/>
    <property name="file.separator" value="/"/>
    <property name="java.vendor.url.bug" value="http://bugreport.sun.com/bugreport/"/>
    <property name="sun.cpu.endian" value="little"/>
    <property name="sun.io.unicode.encoding" value="UnicodeBig"/>
    <property name="socksNonProxyHosts" value="local|*.local|169.254/16|*.169.254/16"/>
    <property name="ftp.nonProxyHosts" value="local|*.local|169.254/16|*.169.254/16"/>
    <property name="sun.cpu.isalist" value=""/>
  </properties>
  <testcase name="log4jFindClass" classname="eu.pm.tools.log4j.Log4jUtilityControllerTest" time="0.155"/>
  <testcase name="log4jChange" classname="eu.pm.tools.log4j.Log4jUtilityControllerTest" time="0.008"/>
  <testcase name="setPriority" classname="eu.pm.tools.log4j.Log4jUtilityControllerTest" time="0.049"/>
</testsuite>